-------------------------------------------------------------------------------
Test set: payroll.controller.EmployeeControllerTest
-------------------------------------------------------------------------------
Tests run: 1, Failures: 0, Errors: 1, Skipped: 0, Time elapsed: 5.229 s <<< FAILURE! - in payroll.controller.EmployeeControllerTest
verifyAll  Time elapsed: 0.042 s  <<< ERROR!
java.lang.NullPointerException
	at payroll.controller.EmployeeControllerTest.verifyAll(EmployeeControllerTest.java:56)

